<?xml version="1.0" encoding="UTF-8"?>
<!-- Generated by org.testng.reporters.JUnitXMLReporter -->
<testsuite ignored="0" hostname="DESKTOP-OO2JSP3" failures="0" tests="6" name="Default test" time="3.494" errors="0" timestamp="2022-12-06T17:19:30 IST">
  <testcase classname="ApiTesting.DemoApi.Product" name="getUser" time="0.941"/>
  <testcase classname="ApiTesting.DemoApi.Product" name="getSingleUser" time="0.423"/>
  <testcase classname="ApiTesting.DemoApi.Product" name="UserList" time="0.093"/>
  <testcase classname="ApiTesting.DemoApi.Product" name="singleUser" time="0.112"/>
  <testcase classname="ApiTesting.DemoApi.Product" name="creatUser" time="0.615"/>
  <testcase classname="ApiTesting.DemoApi.Product" name="updateUser" time="0.508"/>
</testsuite> <!-- Default test -->
