<?xml version="1.0" encoding="UTF-8"?>
<!-- Generated by org.testng.reporters.JUnitXMLReporter -->
<testsuite ignored="0" hostname="DESKTOP-OO2JSP3" failures="0" tests="7" name="Test" time="3.863" errors="0" timestamp="2022-12-07T12:14:21 IST">
  <testcase classname="ApiTesting.DemoApi.Product" name="getUser" time="0.991"/>
  <testcase classname="ApiTesting.DemoApi.Product" name="getSingleUser" time="0.483"/>
  <testcase classname="ApiTesting.DemoApi.Product" name="UserList" time="0.109"/>
  <testcase classname="ApiTesting.DemoApi.Product" name="singleUser" time="0.132"/>
  <testcase classname="ApiTesting.DemoApi.Product" name="creatUser" time="0.501"/>
  <testcase classname="ApiTesting.DemoApi.Product" name="updateUser" time="0.453"/>
  <testcase classname="ApiTesting.DemoApi.Product" name="deleteuser" time="0.496"/>
</testsuite> <!-- Test -->
