<?xml version="1.0" encoding="UTF-8"?>
<!-- Generated by org.testng.reporters.JUnitXMLReporter -->
<testsuite ignored="0" hostname="DESKTOP-OO2JSP3" failures="0" tests="7" name="Test" time="4.029" errors="0" timestamp="2022-12-07T12:17:01 IST">
  <testcase classname="ApiTesting.DemoApi.Product" name="getUser" time="0.895"/>
  <testcase classname="ApiTesting.DemoApi.Product" name="getSingleUser" time="0.385"/>
  <testcase classname="ApiTesting.DemoApi.Product" name="UserList" time="0.441"/>
  <testcase classname="ApiTesting.DemoApi.Product" name="singleUser" time="0.129"/>
  <testcase classname="ApiTesting.DemoApi.Product" name="creatUser" time="0.512"/>
  <testcase classname="ApiTesting.DemoApi.Product" name="updateUser" time="0.467"/>
  <testcase classname="ApiTesting.DemoApi.Product" name="deleteuser" time="0.494"/>
</testsuite> <!-- Test -->
