<?xml version="1.0" encoding="UTF-8"?>
<testsuite xmlns:xsi="http://www.w3.org/2001/XMLSchema-instance" xsi:noNamespaceSchemaLocation="https://maven.apache.org/surefire/maven-surefire-plugin/xsd/surefire-test-report.xsd" name="TestSuite" time="4.895" tests="7" errors="0" skipped="0" failures="0">
  <properties>
[...]
</properties>
  <testcase name="getUser" classname="ApiTesting.DemoApi.Product" time="0.896"/>
  <testcase name="getSingleUser" classname="ApiTesting.DemoApi.Product" time="0.385"/>
  <testcase name="UserList" classname="ApiTesting.DemoApi.Product" time="0.441"/>
  <testcase name="singleUser" classname="ApiTesting.DemoApi.Product" time="0.13"/>
  <testcase name="creatUser" classname="ApiTesting.DemoApi.Product" time="0.512"/>
  <testcase name="updateUser" classname="ApiTesting.DemoApi.Product" time="0.468"/>
  <testcase name="deleteuser" classname="ApiTesting.DemoApi.Product" time="0.495"/>
</testsuite>