<?xml version="1.0" encoding="UTF-8"?>
<testng-results ignored="0" total="7" passed="7" failed="0" skipped="0">
  <reporter-output>
  </reporter-output>
  <suite started-at="2022-12-07T12:14:17 IST" name="Suite" finished-at="2022-12-07T12:14:21 IST" duration-ms="3863">
    <groups>
    </groups>
    <test started-at="2022-12-07T12:14:17 IST" name="Test" finished-at="2022-12-07T12:14:21 IST" duration-ms="3863">
      <class name="ApiTesting.DemoApi.Product">
        <test-method is-config="true" signature="setConfig()[pri:0, instance:ApiTesting.DemoApi.Product@7d61eb55]" started-at="2022-12-07T12:14:17 IST" name="setConfig" finished-at="2022-12-07T12:14:17 IST" duration-ms="652" status="PASS">
          <reporter-output>
          </reporter-output>
        </test-method> <!-- setConfig -->
        <test-method signature="getUser()[pri:1, instance:ApiTesting.DemoApi.Product@7d61eb55]" started-at="2022-12-07T12:14:17 IST" name="getUser" finished-at="2022-12-07T12:14:18 IST" duration-ms="991" status="PASS">
          <reporter-output>
          </reporter-output>
        </test-method> <!-- getUser -->
        <test-method signature="getSingleUser()[pri:2, instance:ApiTesting.DemoApi.Product@7d61eb55]" started-at="2022-12-07T12:14:18 IST" name="getSingleUser" finished-at="2022-12-07T12:14:19 IST" duration-ms="483" status="PASS">
          <reporter-output>
          </reporter-output>
        </test-method> <!-- getSingleUser -->
        <test-method signature="UserList()[pri:3, instance:ApiTesting.DemoApi.Product@7d61eb55]" started-at="2022-12-07T12:14:19 IST" name="UserList" finished-at="2022-12-07T12:14:19 IST" duration-ms="109" status="PASS">
          <reporter-output>
          </reporter-output>
        </test-method> <!-- UserList -->
        <test-method signature="singleUser()[pri:4, instance:ApiTesting.DemoApi.Product@7d61eb55]" started-at="2022-12-07T12:14:19 IST" name="singleUser" finished-at="2022-12-07T12:14:19 IST" duration-ms="132" status="PASS">
          <reporter-output>
          </reporter-output>
        </test-method> <!-- singleUser -->
        <test-method signature="creatUser()[pri:5, instance:ApiTesting.DemoApi.Product@7d61eb55]" started-at="2022-12-07T12:14:19 IST" name="creatUser" finished-at="2022-12-07T12:14:20 IST" duration-ms="501" status="PASS">
          <reporter-output>
          </reporter-output>
        </test-method> <!-- creatUser -->
        <test-method signature="updateUser()[pri:6, instance:ApiTesting.DemoApi.Product@7d61eb55]" started-at="2022-12-07T12:14:20 IST" name="updateUser" finished-at="2022-12-07T12:14:20 IST" duration-ms="453" status="PASS">
          <reporter-output>
          </reporter-output>
        </test-method> <!-- updateUser -->
        <test-method signature="deleteuser()[pri:7, instance:ApiTesting.DemoApi.Product@7d61eb55]" started-at="2022-12-07T12:14:20 IST" name="deleteuser" finished-at="2022-12-07T12:14:21 IST" duration-ms="496" status="PASS">
          <reporter-output>
          </reporter-output>
        </test-method> <!-- deleteuser -->
      </class> <!-- ApiTesting.DemoApi.Product -->
    </test> <!-- Test -->
  </suite> <!-- Suite -->
</testng-results>
